<?xml version="1.0" encoding="UTF-8"?>
<testsuite xmlns:xsi="http://www.w3.org/2001/XMLSchema-instance" xsi:noNamespaceSchemaLocation="https://maven.apache.org/surefire/maven-surefire-plugin/xsd/surefire-test-report-3.0.xsd" version="3.0" name="com.chrisyoo.guest.GuestControllerTest" time="3.026" tests="1" errors="0" skipped="0" failures="0">
  <properties>
[...]
</properties>
  <testcase name="getSkiResorts" classname="com.chrisyoo.guest.GuestControllerTest" time="0.137">
    <system-out><![CDATA[00:25:38.913 [main] INFO org.springframework.test.context.support.AnnotationConfigContextLoaderUtils -- Could not detect default configuration classes for test class [com.chrisyoo.guest.GuestControllerTest]: GuestControllerTest does not declare any static, non-private, non-final, nested classes annotated with @Configuration.
00:25:39.075 [main] INFO org.springframework.boot.test.context.SpringBootTestContextBootstrapper -- Found @SpringBootConfiguration com.chrisyoo.GuestApplication for test class com.chrisyoo.guest.GuestControllerTest
 ,----.                          ,--.
'  .-./   ,--.,--. ,---.  ,---.,-'  '-.
|  | .---.|  ||  || .-. :(  .-''-.  .-'
'  '--'  |'  ''  '\   --..-'  `) |  |
 `------'  `----'  `----'`----'  `--'
2024-07-23T00:25:39.586-04:00  INFO 83217 --- [           main] com.chrisyoo.guest.GuestControllerTest   : Starting GuestControllerTest using Java 17.0.8 with PID 83217 (started by ChrisYoo in /Users/ChrisYoo/Desktop/REFERENCE/SoftwareProjects/Portfolio/pp-microservices/backend/guest)
2024-07-23T00:25:39.587-04:00  INFO 83217 --- [           main] com.chrisyoo.guest.GuestControllerTest   : No active profile set, falling back to 1 default profile: "default"
2024-07-23T00:25:41.623-04:00  INFO 83217 --- [           main] o.s.b.t.m.w.SpringBootMockServletContext : Initializing Spring TestDispatcherServlet ''
2024-07-23T00:25:41.624-04:00  INFO 83217 --- [           main] o.s.t.web.servlet.TestDispatcherServlet  : Initializing Servlet ''
2024-07-23T00:25:41.629-04:00  INFO 83217 --- [           main] o.s.t.web.servlet.TestDispatcherServlet  : Completed initialization in 1 ms
2024-07-23T00:25:41.662-04:00  INFO 83217 --- [           main] com.chrisyoo.guest.GuestControllerTest   : Started GuestControllerTest in 2.497 seconds (process running for 3.574)
2024-07-23T00:25:41.789-04:00  INFO 83217 --- [           main] com.chrisyoo.guest.GuestController       : get a list of ski resorts
]]></system-out>
  </testcase>
</testsuite>